<?xml version="1.0" encoding="UTF-8"?>
<testsuite name="Test4" tests="1" skipped="0" failures="0" errors="0" timestamp="2019-10-23T05:55:23" hostname="Slave" time="4.855">
  <properties/>
  <testcase name="OpenPage" classname="Test4" time="4.855"/>
  <system-out><![CDATA[]]></system-out>
  <system-err><![CDATA[385 [Test worker] INFO io.github.bonigarcia.wdm.WebDriverManager - Using chromedriver 77.0.3865.40 (since Google Chrome 77 is installed in your machine)
398 [Test worker] INFO io.github.bonigarcia.wdm.WebDriverManager - Exporting webdriver.chrome.driver as /home/delya/.m2/repository/webdriver/chromedriver/linux64/77.0.3865.40/chromedriver
Starting ChromeDriver 77.0.3865.40 (f484704e052e0b556f8030b65b953dce96503217-refs/branch-heads/3865@{#442}) on port 28861
Only local connections are allowed.
Please protect ports used by ChromeDriver and related test frameworks to prevent access by malicious code.
Oct 23, 2019 11:55:24 AM org.openqa.selenium.remote.ProtocolHandshake createSession
INFO: Detected dialect: W3C
]]></system-err>
</testsuite>
